<?xml version="1.0" encoding="UTF-8"?>
<testsuite name="com.virtuslab.internship.api.BasketServiceTest" tests="8" skipped="0" failures="0" errors="0" timestamp="2022-04-07T09:48:20" hostname="pop-os" time="0.033">
  <properties/>
  <testcase name="removeProductShouldThrowIndexOutOfBoundsExceptionWhenThereIsNoBasket()" classname="com.virtuslab.internship.api.BasketServiceTest" time="0.019"/>
  <testcase name="getProductsShouldThrowIndexOutOfBoundsExceptionWhenThereIsNoBasket()" classname="com.virtuslab.internship.api.BasketServiceTest" time="0.001"/>
  <testcase name="createBasketShouldMakeItAvailableToAddProductsToBasket()" classname="com.virtuslab.internship.api.BasketServiceTest" time="0.001"/>
  <testcase name="removeProductShouldReturnFalseWhenProductWasDeleted()" classname="com.virtuslab.internship.api.BasketServiceTest" time="0.001"/>
  <testcase name="getReceiptShouldReturnCorrectReceiptWhenThereIsBasket()" classname="com.virtuslab.internship.api.BasketServiceTest" time="0.007"/>
  <testcase name="getProductsShouldReturnAddedProductsWhenProductsAdded()" classname="com.virtuslab.internship.api.BasketServiceTest" time="0.001"/>
  <testcase name="removeProductShouldReturnTrueWhenProductWasDeleted()" classname="com.virtuslab.internship.api.BasketServiceTest" time="0.001"/>
  <testcase name="getReceiptShouldThrowIndexOutOfBoundsExceptionWhenThereIsNoBasket()" classname="com.virtuslab.internship.api.BasketServiceTest" time="0.001"/>
  <system-out><![CDATA[]]></system-out>
  <system-err><![CDATA[]]></system-err>
</testsuite>
